<?xml version="1.0" encoding="UTF-8"?>
<!-- Generated by org.testng.reporters.JUnitReportReporter -->
<testsuite skipped="0" hostname="Shwetha" name="script.TestDemo" tests="1" failures="0" timestamp="26 Sep 2018 09:36:44 GMT" time="3.832" errors="0">
  <testcase name="testA" time="3.832" classname="script.TestDemo"/>
</testsuite> <!-- script.TestDemo -->
