<?xml version="1.0" encoding="UTF-8"?>
<!-- Generated by org.testng.reporters.JUnitReportReporter -->
<testsuite skipped="0" hostname="Shwetha" name="script.TestDemo" tests="1" failures="0" timestamp="27 Sep 2018 19:19:12 GMT" time="6.059" errors="0">
  <testcase name="testA" time="6.059" classname="script.TestDemo"/>
</testsuite> <!-- script.TestDemo -->
